Flow report for MOD_COMP
Mon May 30 12:50:45 2022
Quartus Prime Version 17.1.1 Internal Build 593 12/11/2017 SJ Standard Edition


---------------------
; Table of Contents ;
---------------------
  1. Legal Notice
  2. Flow Summary
  3. Flow Settings
  4. Flow Non-Default Global Settings
  5. Flow Elapsed Time
  6. Flow OS Summary
  7. Flow Log
  8. Flow Messages
  9. Flow Suppressed Messages



----------------
; Legal Notice ;
----------------
Copyright (C) 2017  Intel Corporation. All rights reserved.
Your use of Intel Corporation's design tools, logic functions 
and other software and tools, and its AMPP partner logic 
functions, and any output files from any of the foregoing 
(including device programming or simulation files), and any 
associated documentation or information are expressly subject 
to the terms and conditions of the Intel Program License 
Subscription Agreement, the Intel Quartus Prime License Agreement,
the Intel FPGA IP License Agreement, or other applicable license
agreement, including, without limitation, that your use is for
the sole purpose of programming logic devices manufactured by
Intel and sold by Intel or its authorized distributors.  Please
refer to the applicable agreement for further details.



+-----------------------------------------------------------------------------------------------+
; Flow Summary                                                                                  ;
+------------------------------------+----------------------------------------------------------+
; Flow Status                        ; Successful - Mon May 30 12:50:45 2022                    ;
; Quartus Prime Version              ; 17.1.1 Internal Build 593 12/11/2017 SJ Standard Edition ;
; Revision Name                      ; MOD_COMP                                                 ;
; Top-level Entity Name              ; MOD_COMP                                                 ;
; Family                             ; Cyclone IV E                                             ;
; Device                             ; EP4CE115F29C8                                            ;
; Timing Models                      ; Final                                                    ;
; Total logic elements               ; 1,730 / 114,480 ( 2 % )                                  ;
;     Total combinational functions  ; 1,280 / 114,480 ( 1 % )                                  ;
;     Dedicated logic registers      ; 1,417 / 114,480 ( 1 % )                                  ;
; Total registers                    ; 1431                                                     ;
; Total pins                         ; 101 / 529 ( 19 % )                                       ;
; Total virtual pins                 ; 0                                                        ;
; Total memory bits                  ; 253,997 / 3,981,312 ( 6 % )                              ;
; Embedded Multiplier 9-bit elements ; 8 / 532 ( 2 % )                                          ;
; Total PLLs                         ; 3 / 4 ( 75 % )                                           ;
+------------------------------------+----------------------------------------------------------+


+-----------------------------------------+
; Flow Settings                           ;
+-------------------+---------------------+
; Option            ; Setting             ;
+-------------------+---------------------+
; Start date & time ; 05/30/2022 12:49:46 ;
; Main task         ; Compilation         ;
; Revision Name     ; MOD_COMP            ;
+-------------------+---------------------+


+------------------------------------------------------------------------------------------------------------------------------+
; Flow Non-Default Global Settings                                                                                             ;
+--------------------------------------+----------------------------------------+---------------+-------------+----------------+
; Assignment Name                      ; Value                                  ; Default Value ; Entity Name ; Section Id     ;
+--------------------------------------+----------------------------------------+---------------+-------------+----------------+
; COMPILER_SIGNATURE_ID                ; 242211430917455.165390778509384        ; --            ; --          ; --             ;
; EDA_DESIGN_INSTANCE_NAME             ; NA                                     ; --            ; --          ; TB_MOD_COMP    ;
; EDA_NATIVELINK_SIMULATION_TEST_BENCH ; TB_MOD_COMP                            ; --            ; --          ; eda_simulation ;
; EDA_OUTPUT_DATA_FORMAT               ; Verilog Hdl                            ; --            ; --          ; eda_simulation ;
; EDA_SIMULATION_TOOL                  ; ModelSim-Altera (Verilog)              ; <None>        ; --          ; --             ;
; EDA_TEST_BENCH_ENABLE_STATUS         ; TEST_BENCH_MODE                        ; --            ; --          ; eda_simulation ;
; EDA_TEST_BENCH_FILE                  ; TB_MOD_COMP.v                          ; --            ; --          ; TB_MOD_COMP    ;
; EDA_TEST_BENCH_MODULE_NAME           ; TB_MOD_COMP                            ; --            ; --          ; TB_MOD_COMP    ;
; EDA_TEST_BENCH_NAME                  ; TB_MOD_COMP                            ; --            ; --          ; eda_simulation ;
; EDA_TIME_SCALE                       ; 1 ps                                   ; --            ; --          ; eda_simulation ;
; ENABLE_SIGNALTAP                     ; Off                                    ; --            ; --          ; --             ;
; MAX_CORE_JUNCTION_TEMP               ; 85                                     ; --            ; --          ; --             ;
; MIN_CORE_JUNCTION_TEMP               ; 0                                      ; --            ; --          ; --             ;
; MISC_FILE                            ; pll_mod_bb.v                           ; --            ; --          ; --             ;
; MISC_FILE                            ; pll_mod.ppf                            ; --            ; --          ; --             ;
; MISC_FILE                            ; pll_com_inst.v                         ; --            ; --          ; --             ;
; MISC_FILE                            ; pll_com_bb.v                           ; --            ; --          ; --             ;
; MISC_FILE                            ; pll_com.ppf                            ; --            ; --          ; --             ;
; NOMINAL_CORE_SUPPLY_VOLTAGE          ; 1.2V                                   ; --            ; --          ; --             ;
; PARTITION_COLOR                      ; -- (Not supported for targeted family) ; --            ; --          ; Top            ;
; PARTITION_FITTER_PRESERVATION_LEVEL  ; -- (Not supported for targeted family) ; --            ; --          ; Top            ;
; PARTITION_NETLIST_TYPE               ; -- (Not supported for targeted family) ; --            ; --          ; Top            ;
; POWER_BOARD_THERMAL_MODEL            ; None (CONSERVATIVE)                    ; --            ; --          ; --             ;
; POWER_PRESET_COOLING_SOLUTION        ; 23 MM HEAT SINK WITH 200 LFPM AIRFLOW  ; --            ; --          ; --             ;
; PROJECT_OUTPUT_DIRECTORY             ; output_files                           ; --            ; --          ; --             ;
; USE_SIGNALTAP_FILE                   ; output_files/stp1.stp                  ; --            ; --          ; --             ;
+--------------------------------------+----------------------------------------+---------------+-------------+----------------+


+-------------------------------------------------------------------------------------------------------------------------------+
; Flow Elapsed Time                                                                                                             ;
+---------------------------+--------------+-------------------------+---------------------+------------------------------------+
; Module Name               ; Elapsed Time ; Average Processors Used ; Peak Virtual Memory ; Total CPU Time (on all processors) ;
+---------------------------+--------------+-------------------------+---------------------+------------------------------------+
; Analysis & Synthesis      ; 00:00:20     ; 1.0                     ; 4853 MB             ; 00:00:33                           ;
; Fitter                    ; 00:00:22     ; 1.0                     ; 5790 MB             ; 00:00:38                           ;
; Assembler                 ; 00:00:04     ; 1.0                     ; 4691 MB             ; 00:00:03                           ;
; TimeQuest Timing Analyzer ; 00:00:03     ; 1.1                     ; 4879 MB             ; 00:00:04                           ;
; EDA Netlist Writer        ; 00:00:03     ; 1.0                     ; 4682 MB             ; 00:00:03                           ;
; Total                     ; 00:00:52     ; --                      ; --                  ; 00:01:21                           ;
+---------------------------+--------------+-------------------------+---------------------+------------------------------------+


+-----------------------------------------------------------------------------------------+
; Flow OS Summary                                                                         ;
+---------------------------+------------------+------------+------------+----------------+
; Module Name               ; Machine Hostname ; OS Name    ; OS Version ; Processor type ;
+---------------------------+------------------+------------+------------+----------------+
; Analysis & Synthesis      ; labpro06         ; Windows 10 ; 10.0       ; x86_64         ;
; Fitter                    ; labpro06         ; Windows 10 ; 10.0       ; x86_64         ;
; Assembler                 ; labpro06         ; Windows 10 ; 10.0       ; x86_64         ;
; TimeQuest Timing Analyzer ; labpro06         ; Windows 10 ; 10.0       ; x86_64         ;
; EDA Netlist Writer        ; labpro06         ; Windows 10 ; 10.0       ; x86_64         ;
+---------------------------+------------------+------------+------------+----------------+


------------
; Flow Log ;
------------
quartus_map --read_settings_files=on --write_settings_files=off MOD_COMP -c MOD_COMP
quartus_fit --read_settings_files=off --write_settings_files=off MOD_COMP -c MOD_COMP
quartus_asm --read_settings_files=off --write_settings_files=off MOD_COMP -c MOD_COMP
quartus_sta MOD_COMP -c MOD_COMP
quartus_eda --read_settings_files=off --write_settings_files=off MOD_COMP -c MOD_COMP



