Flow report for E5
Fri May 20 13:03:44 2022
Quartus Prime Version 17.1.1 Internal Build 593 12/11/2017 SJ Standard Edition


---------------------
; Table of Contents ;
---------------------
  1. Legal Notice
  2. Flow Summary
  3. Flow Settings
  4. Flow Non-Default Global Settings
  5. Flow Elapsed Time
  6. Flow OS Summary
  7. Flow Log
  8. Flow Messages
  9. Flow Suppressed Messages



----------------
; Legal Notice ;
----------------
Copyright (C) 2017  Intel Corporation. All rights reserved.
Your use of Intel Corporation's design tools, logic functions 
and other software and tools, and its AMPP partner logic 
functions, and any output files from any of the foregoing 
(including device programming or simulation files), and any 
associated documentation or information are expressly subject 
to the terms and conditions of the Intel Program License 
Subscription Agreement, the Intel Quartus Prime License Agreement,
the Intel FPGA IP License Agreement, or other applicable license
agreement, including, without limitation, that your use is for
the sole purpose of programming logic devices manufactured by
Intel and sold by Intel or its authorized distributors.  Please
refer to the applicable agreement for further details.



+-----------------------------------------------------------------------------------------------+
; Flow Summary                                                                                  ;
+------------------------------------+----------------------------------------------------------+
; Flow Status                        ; Successful - Fri May 20 13:03:44 2022                    ;
; Quartus Prime Version              ; 17.1.1 Internal Build 593 12/11/2017 SJ Standard Edition ;
; Revision Name                      ; E5                                                       ;
; Top-level Entity Name              ; top_DE2115                                               ;
; Family                             ; Cyclone IV E                                             ;
; Device                             ; EP4CE115F29C8                                            ;
; Timing Models                      ; Final                                                    ;
; Total logic elements               ; 1,629 / 114,480 ( 1 % )                                  ;
;     Total combinational functions  ; 919 / 114,480 ( < 1 % )                                  ;
;     Dedicated logic registers      ; 1,387 / 114,480 ( 1 % )                                  ;
; Total registers                    ; 1387                                                     ;
; Total pins                         ; 33 / 529 ( 6 % )                                         ;
; Total virtual pins                 ; 0                                                        ;
; Total memory bits                  ; 753,664 / 3,981,312 ( 19 % )                             ;
; Embedded Multiplier 9-bit elements ; 0 / 532 ( 0 % )                                          ;
; Total PLLs                         ; 1 / 4 ( 25 % )                                           ;
+------------------------------------+----------------------------------------------------------+


+-----------------------------------------+
; Flow Settings                           ;
+-------------------+---------------------+
; Option            ; Setting             ;
+-------------------+---------------------+
; Start date & time ; 05/20/2022 11:41:25 ;
; Main task         ; Compilation         ;
; Revision Name     ; E5                  ;
+-------------------+---------------------+


+----------------------------------------------------------------------------------------------------------------------------------------------------------------------------------------------------------------------------------+
; Flow Non-Default Global Settings                                                                                                                                                                                                 ;
+-------------------------------------+-------------------------------------------------------------------------------------------------------------------------------------------+---------------+-------------+------------------+
; Assignment Name                     ; Value                                                                                                                                     ; Default Value ; Entity Name ; Section Id       ;
+-------------------------------------+-------------------------------------------------------------------------------------------------------------------------------------------+---------------+-------------+------------------+
; COMPILER_SIGNATURE_ID               ; 242211430917455.165303968509608                                                                                                           ; --            ; --          ; --               ;
; EDA_OUTPUT_DATA_FORMAT              ; Vhdl                                                                                                                                      ; --            ; --          ; eda_simulation   ;
; EDA_SIMULATION_TOOL                 ; ModelSim-Altera (VHDL)                                                                                                                    ; <None>        ; --          ; --               ;
; ENABLE_SIGNALTAP                    ; On                                                                                                                                        ; --            ; --          ; --               ;
; MISC_FILE                           ; PLL_test_inst.v                                                                                                                           ; --            ; --          ; --               ;
; MISC_FILE                           ; PLL_test_bb.v                                                                                                                             ; --            ; --          ; --               ;
; MISC_FILE                           ; PLL_test.ppf                                                                                                                              ; --            ; --          ; --               ;
; PARTITION_COLOR                     ; -- (Not supported for targeted family)                                                                                                    ; --            ; top_DE2115  ; Top              ;
; PARTITION_FITTER_PRESERVATION_LEVEL ; -- (Not supported for targeted family)                                                                                                    ; --            ; top_DE2115  ; Top              ;
; PARTITION_NETLIST_TYPE              ; -- (Not supported for targeted family)                                                                                                    ; --            ; top_DE2115  ; Top              ;
; PROJECT_OUTPUT_DIRECTORY            ; output_files                                                                                                                              ; --            ; --          ; --               ;
; SLD_FILE                            ; db/ST_E5_auto_stripped.stp                                                                                                                ; --            ; --          ; --               ;
; SLD_NODE_CREATOR_ID                 ; 110                                                                                                                                       ; --            ; --          ; auto_signaltap_0 ;
; SLD_NODE_ENTITY_NAME                ; sld_signaltap                                                                                                                             ; --            ; --          ; auto_signaltap_0 ;
; SLD_NODE_PARAMETER_ASSIGNMENT       ; SLD_RAM_BLOCK_TYPE=AUTO                                                                                                                   ; --            ; --          ; auto_signaltap_0 ;
; SLD_NODE_PARAMETER_ASSIGNMENT       ; SLD_NODE_INFO=805334528                                                                                                                   ; --            ; --          ; auto_signaltap_0 ;
; SLD_NODE_PARAMETER_ASSIGNMENT       ; SLD_POWER_UP_TRIGGER=0                                                                                                                    ; --            ; --          ; auto_signaltap_0 ;
; SLD_NODE_PARAMETER_ASSIGNMENT       ; SLD_STORAGE_QUALIFIER_INVERSION_MASK_LENGTH=0                                                                                             ; --            ; --          ; auto_signaltap_0 ;
; SLD_NODE_PARAMETER_ASSIGNMENT       ; SLD_SEGMENT_SIZE=16384                                                                                                                    ; --            ; --          ; auto_signaltap_0 ;
; SLD_NODE_PARAMETER_ASSIGNMENT       ; SLD_ATTRIBUTE_MEM_MODE=OFF                                                                                                                ; --            ; --          ; auto_signaltap_0 ;
; SLD_NODE_PARAMETER_ASSIGNMENT       ; SLD_STATE_FLOW_USE_GENERATED=0                                                                                                            ; --            ; --          ; auto_signaltap_0 ;
; SLD_NODE_PARAMETER_ASSIGNMENT       ; SLD_STATE_BITS=11                                                                                                                         ; --            ; --          ; auto_signaltap_0 ;
; SLD_NODE_PARAMETER_ASSIGNMENT       ; SLD_BUFFER_FULL_STOP=1                                                                                                                    ; --            ; --          ; auto_signaltap_0 ;
; SLD_NODE_PARAMETER_ASSIGNMENT       ; SLD_CURRENT_RESOURCE_WIDTH=1                                                                                                              ; --            ; --          ; auto_signaltap_0 ;
; SLD_NODE_PARAMETER_ASSIGNMENT       ; SLD_INCREMENTAL_ROUTING=1                                                                                                                 ; --            ; --          ; auto_signaltap_0 ;
; SLD_NODE_PARAMETER_ASSIGNMENT       ; SLD_TRIGGER_LEVEL=1                                                                                                                       ; --            ; --          ; auto_signaltap_0 ;
; SLD_NODE_PARAMETER_ASSIGNMENT       ; SLD_SAMPLE_DEPTH=16384                                                                                                                    ; --            ; --          ; auto_signaltap_0 ;
; SLD_NODE_PARAMETER_ASSIGNMENT       ; SLD_TRIGGER_IN_ENABLED=0                                                                                                                  ; --            ; --          ; auto_signaltap_0 ;
; SLD_NODE_PARAMETER_ASSIGNMENT       ; SLD_TRIGGER_PIPELINE=0                                                                                                                    ; --            ; --          ; auto_signaltap_0 ;
; SLD_NODE_PARAMETER_ASSIGNMENT       ; SLD_RAM_PIPELINE=0                                                                                                                        ; --            ; --          ; auto_signaltap_0 ;
; SLD_NODE_PARAMETER_ASSIGNMENT       ; SLD_COUNTER_PIPELINE=0                                                                                                                    ; --            ; --          ; auto_signaltap_0 ;
; SLD_NODE_PARAMETER_ASSIGNMENT       ; SLD_ADVANCED_TRIGGER_ENTITY=basic,1,                                                                                                      ; --            ; --          ; auto_signaltap_0 ;
; SLD_NODE_PARAMETER_ASSIGNMENT       ; SLD_TRIGGER_LEVEL_PIPELINE=1                                                                                                              ; --            ; --          ; auto_signaltap_0 ;
; SLD_NODE_PARAMETER_ASSIGNMENT       ; SLD_ENABLE_ADVANCED_TRIGGER=0                                                                                                             ; --            ; --          ; auto_signaltap_0 ;
; SLD_NODE_PARAMETER_ASSIGNMENT       ; SLD_DATA_BITS=30                                                                                                                          ; --            ; --          ; auto_signaltap_0 ;
; SLD_NODE_PARAMETER_ASSIGNMENT       ; SLD_TRIGGER_BITS=30                                                                                                                       ; --            ; --          ; auto_signaltap_0 ;
; SLD_NODE_PARAMETER_ASSIGNMENT       ; SLD_STORAGE_QUALIFIER_BITS=30                                                                                                             ; --            ; --          ; auto_signaltap_0 ;
; SLD_NODE_PARAMETER_ASSIGNMENT       ; SLD_INVERSION_MASK=0000000000000000000000000000000000000000000000000000000000000000000000000000000000000000000000000000000000000000000000 ; --            ; --          ; auto_signaltap_0 ;
; SLD_NODE_PARAMETER_ASSIGNMENT       ; SLD_INVERSION_MASK_LENGTH=118                                                                                                             ; --            ; --          ; auto_signaltap_0 ;
; TOP_LEVEL_ENTITY                    ; top_DE2115                                                                                                                                ; E5            ; --          ; --               ;
; USE_SIGNALTAP_FILE                  ; output_files/ST_E5.stp                                                                                                                    ; --            ; --          ; --               ;
+-------------------------------------+-------------------------------------------------------------------------------------------------------------------------------------------+---------------+-------------+------------------+


+-------------------------------------------------------------------------------------------------------------------------------+
; Flow Elapsed Time                                                                                                             ;
+---------------------------+--------------+-------------------------+---------------------+------------------------------------+
; Module Name               ; Elapsed Time ; Average Processors Used ; Peak Virtual Memory ; Total CPU Time (on all processors) ;
+---------------------------+--------------+-------------------------+---------------------+------------------------------------+
; Analysis & Synthesis      ; 00:00:28     ; 1.0                     ; 4849 MB             ; 00:00:56                           ;
; Fitter                    ; 00:00:17     ; 1.0                     ; 5770 MB             ; 00:00:23                           ;
; Assembler                 ; 00:00:04     ; 1.0                     ; 4689 MB             ; 00:00:04                           ;
; TimeQuest Timing Analyzer ; 00:00:04     ; 1.2                     ; 4873 MB             ; 00:00:04                           ;
; EDA Netlist Writer        ; 00:00:04     ; 1.0                     ; 4676 MB             ; 00:00:04                           ;
; Analysis & Synthesis      ; 00:00:37     ; 1.1                     ; 4863 MB             ; 00:01:00                           ;
; Partition Merge           ; 00:00:03     ; 1.0                     ; 4806 MB             ; 00:00:02                           ;
; Fitter                    ; 00:00:17     ; 1.0                     ; 5794 MB             ; 00:00:24                           ;
; Assembler                 ; 00:00:04     ; 1.0                     ; 4693 MB             ; 00:00:04                           ;
; TimeQuest Timing Analyzer ; 00:00:04     ; 1.2                     ; 4872 MB             ; 00:00:04                           ;
; EDA Netlist Writer        ; 00:00:05     ; 1.0                     ; 4678 MB             ; 00:00:04                           ;
; Analysis & Synthesis      ; 00:00:30     ; 1.1                     ; 4852 MB             ; 00:00:58                           ;
; Partition Merge           ; 00:00:02     ; 1.0                     ; 4806 MB             ; 00:00:02                           ;
; Fitter                    ; 00:00:16     ; 1.0                     ; 5790 MB             ; 00:00:24                           ;
; Assembler                 ; 00:00:05     ; 1.0                     ; 4690 MB             ; 00:00:04                           ;
; TimeQuest Timing Analyzer ; 00:00:04     ; 1.2                     ; 4875 MB             ; 00:00:04                           ;
; EDA Netlist Writer        ; 00:00:05     ; 1.0                     ; 4678 MB             ; 00:00:04                           ;
; Analysis & Synthesis      ; 00:00:26     ; 1.0                     ; 4851 MB             ; 00:00:48                           ;
; Partition Merge           ; 00:00:01     ; 1.0                     ; 4707 MB             ; 00:00:01                           ;
; Fitter                    ; 00:00:15     ; 1.0                     ; 5779 MB             ; 00:00:23                           ;
; Assembler                 ; 00:00:04     ; 1.0                     ; 4692 MB             ; 00:00:04                           ;
; TimeQuest Timing Analyzer ; 00:00:03     ; 1.2                     ; 4875 MB             ; 00:00:03                           ;
; EDA Netlist Writer        ; 00:00:04     ; 1.0                     ; 4681 MB             ; 00:00:04                           ;
; Analysis & Synthesis      ; 00:00:25     ; 1.0                     ; 4854 MB             ; 00:00:48                           ;
; Partition Merge           ; 00:00:01     ; 1.0                     ; 4708 MB             ; 00:00:02                           ;
; Fitter                    ; 00:00:15     ; 1.0                     ; 5782 MB             ; 00:00:23                           ;
; Assembler                 ; 00:00:04     ; 1.0                     ; 4690 MB             ; 00:00:04                           ;
; TimeQuest Timing Analyzer ; 00:00:03     ; 1.2                     ; 4878 MB             ; 00:00:04                           ;
; EDA Netlist Writer        ; 00:00:04     ; 1.0                     ; 4679 MB             ; 00:00:04                           ;
; Analysis & Synthesis      ; 00:00:25     ; 1.0                     ; 4850 MB             ; 00:00:48                           ;
; Partition Merge           ; 00:00:01     ; 1.0                     ; 4707 MB             ; 00:00:02                           ;
; Fitter                    ; 00:00:15     ; 1.0                     ; 5784 MB             ; 00:00:22                           ;
; Assembler                 ; 00:00:04     ; 1.0                     ; 4690 MB             ; 00:00:04                           ;
; TimeQuest Timing Analyzer ; 00:00:03     ; 1.2                     ; 4877 MB             ; 00:00:03                           ;
; EDA Netlist Writer        ; 00:00:04     ; 1.0                     ; 4680 MB             ; 00:00:04                           ;
; Analysis & Synthesis      ; 00:00:24     ; 1.0                     ; 4854 MB             ; 00:00:46                           ;
; Partition Merge           ; 00:00:01     ; 1.0                     ; 4707 MB             ; 00:00:01                           ;
; Fitter                    ; 00:00:15     ; 1.0                     ; 5783 MB             ; 00:00:22                           ;
; Assembler                 ; 00:00:04     ; 1.0                     ; 4689 MB             ; 00:00:04                           ;
; TimeQuest Timing Analyzer ; 00:00:03     ; 1.2                     ; 4876 MB             ; 00:00:03                           ;
; EDA Netlist Writer        ; 00:00:04     ; 1.0                     ; 4679 MB             ; 00:00:04                           ;
; Total                     ; 00:06:37     ; --                      ; --                  ; 00:10:16                           ;
+---------------------------+--------------+-------------------------+---------------------+------------------------------------+


+-----------------------------------------------------------------------------------------+
; Flow OS Summary                                                                         ;
+---------------------------+------------------+------------+------------+----------------+
; Module Name               ; Machine Hostname ; OS Name    ; OS Version ; Processor type ;
+---------------------------+------------------+------------+------------+----------------+
; Analysis & Synthesis      ; labpro06         ; Windows 10 ; 10.0       ; x86_64         ;
; Fitter                    ; labpro06         ; Windows 10 ; 10.0       ; x86_64         ;
; Assembler                 ; labpro06         ; Windows 10 ; 10.0       ; x86_64         ;
; TimeQuest Timing Analyzer ; labpro06         ; Windows 10 ; 10.0       ; x86_64         ;
; EDA Netlist Writer        ; labpro06         ; Windows 10 ; 10.0       ; x86_64         ;
; Analysis & Synthesis      ; labpro06         ; Windows 10 ; 10.0       ; x86_64         ;
; Partition Merge           ; labpro06         ; Windows 10 ; 10.0       ; x86_64         ;
; Fitter                    ; labpro06         ; Windows 10 ; 10.0       ; x86_64         ;
; Assembler                 ; labpro06         ; Windows 10 ; 10.0       ; x86_64         ;
; TimeQuest Timing Analyzer ; labpro06         ; Windows 10 ; 10.0       ; x86_64         ;
; EDA Netlist Writer        ; labpro06         ; Windows 10 ; 10.0       ; x86_64         ;
; Analysis & Synthesis      ; labpro06         ; Windows 10 ; 10.0       ; x86_64         ;
; Partition Merge           ; labpro06         ; Windows 10 ; 10.0       ; x86_64         ;
; Fitter                    ; labpro06         ; Windows 10 ; 10.0       ; x86_64         ;
; Assembler                 ; labpro06         ; Windows 10 ; 10.0       ; x86_64         ;
; TimeQuest Timing Analyzer ; labpro06         ; Windows 10 ; 10.0       ; x86_64         ;
; EDA Netlist Writer        ; labpro06         ; Windows 10 ; 10.0       ; x86_64         ;
; Analysis & Synthesis      ; labpro06         ; Windows 10 ; 10.0       ; x86_64         ;
; Partition Merge           ; labpro06         ; Windows 10 ; 10.0       ; x86_64         ;
; Fitter                    ; labpro06         ; Windows 10 ; 10.0       ; x86_64         ;
; Assembler                 ; labpro06         ; Windows 10 ; 10.0       ; x86_64         ;
; TimeQuest Timing Analyzer ; labpro06         ; Windows 10 ; 10.0       ; x86_64         ;
; EDA Netlist Writer        ; labpro06         ; Windows 10 ; 10.0       ; x86_64         ;
; Analysis & Synthesis      ; labpro06         ; Windows 10 ; 10.0       ; x86_64         ;
; Partition Merge           ; labpro06         ; Windows 10 ; 10.0       ; x86_64         ;
; Fitter                    ; labpro06         ; Windows 10 ; 10.0       ; x86_64         ;
; Assembler                 ; labpro06         ; Windows 10 ; 10.0       ; x86_64         ;
; TimeQuest Timing Analyzer ; labpro06         ; Windows 10 ; 10.0       ; x86_64         ;
; EDA Netlist Writer        ; labpro06         ; Windows 10 ; 10.0       ; x86_64         ;
; Analysis & Synthesis      ; labpro06         ; Windows 10 ; 10.0       ; x86_64         ;
; Partition Merge           ; labpro06         ; Windows 10 ; 10.0       ; x86_64         ;
; Fitter                    ; labpro06         ; Windows 10 ; 10.0       ; x86_64         ;
; Assembler                 ; labpro06         ; Windows 10 ; 10.0       ; x86_64         ;
; TimeQuest Timing Analyzer ; labpro06         ; Windows 10 ; 10.0       ; x86_64         ;
; EDA Netlist Writer        ; labpro06         ; Windows 10 ; 10.0       ; x86_64         ;
; Analysis & Synthesis      ; labpro06         ; Windows 10 ; 10.0       ; x86_64         ;
; Partition Merge           ; labpro06         ; Windows 10 ; 10.0       ; x86_64         ;
; Fitter                    ; labpro06         ; Windows 10 ; 10.0       ; x86_64         ;
; Assembler                 ; labpro06         ; Windows 10 ; 10.0       ; x86_64         ;
; TimeQuest Timing Analyzer ; labpro06         ; Windows 10 ; 10.0       ; x86_64         ;
; EDA Netlist Writer        ; labpro06         ; Windows 10 ; 10.0       ; x86_64         ;
+---------------------------+------------------+------------+------------+----------------+


------------
; Flow Log ;
------------
quartus_map --read_settings_files=on --write_settings_files=off E5 -c E5
quartus_fit --read_settings_files=off --write_settings_files=off E5 -c E5
quartus_asm --read_settings_files=off --write_settings_files=off E5 -c E5
quartus_sta E5 -c E5
quartus_eda --read_settings_files=off --write_settings_files=off E5 -c E5
quartus_map --read_settings_files=on --write_settings_files=off E5 -c E5
quartus_cdb --read_settings_files=off --write_settings_files=off E5 -c E5 --merge=on
quartus_fit --read_settings_files=off --write_settings_files=off E5 -c E5
quartus_asm --read_settings_files=off --write_settings_files=off E5 -c E5
quartus_sta E5 -c E5
quartus_eda --read_settings_files=off --write_settings_files=off E5 -c E5
quartus_map --read_settings_files=on --write_settings_files=off E5 -c E5
quartus_cdb --read_settings_files=off --write_settings_files=off E5 -c E5 --merge=on
quartus_fit --read_settings_files=off --write_settings_files=off E5 -c E5
quartus_asm --read_settings_files=off --write_settings_files=off E5 -c E5
quartus_sta E5 -c E5
quartus_eda --read_settings_files=off --write_settings_files=off E5 -c E5
quartus_map --read_settings_files=on --write_settings_files=off E5 -c E5
quartus_cdb --read_settings_files=off --write_settings_files=off E5 -c E5 --merge=on
quartus_fit --read_settings_files=off --write_settings_files=off E5 -c E5
quartus_asm --read_settings_files=off --write_settings_files=off E5 -c E5
quartus_sta E5 -c E5
quartus_eda --read_settings_files=off --write_settings_files=off E5 -c E5
quartus_map --read_settings_files=on --write_settings_files=off E5 -c E5
quartus_cdb --read_settings_files=off --write_settings_files=off E5 -c E5 --merge=on
quartus_fit --read_settings_files=off --write_settings_files=off E5 -c E5
quartus_asm --read_settings_files=off --write_settings_files=off E5 -c E5
quartus_sta E5 -c E5
quartus_eda --read_settings_files=off --write_settings_files=off E5 -c E5
quartus_map --read_settings_files=on --write_settings_files=off E5 -c E5
quartus_cdb --read_settings_files=off --write_settings_files=off E5 -c E5 --merge=on
quartus_fit --read_settings_files=off --write_settings_files=off E5 -c E5
quartus_asm --read_settings_files=off --write_settings_files=off E5 -c E5
quartus_sta E5 -c E5
quartus_eda --read_settings_files=off --write_settings_files=off E5 -c E5
quartus_map --read_settings_files=on --write_settings_files=off E5 -c E5
quartus_cdb --read_settings_files=off --write_settings_files=off E5 -c E5 --merge=on
quartus_fit --read_settings_files=off --write_settings_files=off E5 -c E5
quartus_asm --read_settings_files=off --write_settings_files=off E5 -c E5
quartus_sta E5 -c E5
quartus_eda --read_settings_files=off --write_settings_files=off E5 -c E5



